Arguments: 
  D:\Software\nodejs\node.exe D:\Software\Yarn\bin\yarn.js add cssnano/package.json -D

PATH: 
  D:\Software\cmder\vendor\git-for-windows\mingw64\bin;D:\Software\cmder\vendor\git-for-windows\usr\bin;C:\Users\hanyi\bin;D:\Python\Scripts;D:\Python;D:\VMware Workstation\bin;C:\Windows\system32;C:\Windows;C:\Windows\System32\Wbem;C:\Windows\System32\WindowsPowerShell\v1.0;C:\Windows\System32\OpenSSH;C:\Program Files (x86)\NVIDIA Corporation\PhysX\Common;C:\Program Files\NVIDIA Corporation\NVIDIA NvDLISR;C:\WINDOWS\system32;C:\WINDOWS;C:\WINDOWS\System32\Wbem;C:\WINDOWS\System32\WindowsPowerShell\v1.0;C:\WINDOWS\System32\OpenSSH;C:\Program Files\Bandizip;C:\Program Files (x86)\Eigen3\include;D:\mingw64\bin;D:\CMake\bin;D:\Desktop\msys64\mingw64\bin;D:\Software\nodejs;C:\ProgramData\chocolatey\bin;D:\Software\Yarn\bin;D:\Software\Git\cmd;D:\Microsoft VS Code\bin;C:\Users\hanyi\AppData\Local\Microsoft\WindowsApps;C:\Program Files\mingw64\bin;C:\Program Files\cmake-3.17.0-rc3-win64-x64\bin;C:\Program Files\CMake\bin;C:\Program Files\MinGW\bin;C:\Users\hanyi\AppData\Local\Microsoft\WindowsApps;C:\Users\hanyi\AppData\Roaming\npm;C:\Users\hanyi\AppData\Local\Yarn\bin;D:\JetBrains\WebStorm 2022.1.3\bin;D:\Program Files\Microsoft VS Code\bin

Yarn version: 
  1.22.5

Node version: 
  16.15.1

Platform: 
  win32 x64

Trace: 
  Error: read ECONNRESET
      at TLSWrap.onStreamRead (node:internal/stream_base_commons:217:20)

npm manifest: 
  {
    "dependencies": {
      "css.js": "^0.2.3"
    }
  }

yarn manifest: 
  No manifest

Lockfile: 
  # THIS IS AN AUTOGENERATED FILE. DO NOT EDIT THIS FILE DIRECTLY.
  # yarn lockfile v1
  
  
  css.js@^0.2.3:
    version "0.2.3"
    resolved "https://registry.npmmirror.com/css.js/-/css.js-0.2.3.tgz#e267ee7ca33d7475e092541f7c7655ef78d54e69"
    integrity sha512-AUokTg+mjatewJzS2GPK4B7pXKdptXPDKz0se0xFyhwBYOoNysn4C2RYjm3qs3MmeXDG+FzGOHfZB2MQ4HwkSA==
